<?xml version="1.0" encoding="UTF-8"?>
<!-- Generated by org.testng.reporters.JUnitReportReporter -->
<testsuite hostname="DESKTOP-4COMNSG" failures="0" tests="1" name="Runner.TestRunner" time="42.848" errors="0" timestamp="22 Mar 2020 13:39:50 GMT" skipped="0">
  <testcase classname="Runner.TestRunner" name="feature" time="42.848"/>
</testsuite> <!-- Runner.TestRunner -->
